<?xml version="1.0" encoding="UTF-8"?>
<!-- Generated by org.testng.reporters.JUnitReportReporter -->
<testsuite hostname="DESKTOP-EJEPVVN" failures="0" tests="1" name="Test.googleTest$menuTest" time="9.551" errors="0" timestamp="2024-07-19T11:12:08 IST" skipped="0">
  <testcase classname="Test.googleTest$menuTest" name="verifyIfUserIsAbleToEnterEmailId" time="9.551"/>
</testsuite> <!-- Test.googleTest$menuTest -->
