<?xml version="1.0" encoding="UTF-8"?>
<!-- Generated by org.testng.reporters.JUnitReportReporter -->
<testsuite hostname="DESKTOP-EJEPVVN" failures="0" tests="1" name="Test.googleTest" time="16.177" errors="0" timestamp="2024-07-20T10:42:37 IST" skipped="0">
  <testcase classname="Test.googleTest" name="verifyIfUserIsAbleToEnterEmailId" time="16.177"/>
</testsuite> <!-- Test.googleTest -->
