<?xml version="1.0" encoding="UTF-8"?>
<!-- Generated by org.testng.reporters.JUnitReportReporter -->
<testsuite hostname="DESKTOP-EJEPVVN" failures="0" tests="1" name="Test.menuTest" time="31.615" errors="0" timestamp="2024-07-20T10:07:59 IST" skipped="0">
  <testcase classname="Test.menuTest" name="verifyIfUserIsAbleToClickOnMenuDomain" time="31.615"/>
</testsuite> <!-- Test.menuTest -->
